<?xml version="1.0" encoding="UTF-8"?>
<TestRun id="e4bf962b-1260-4b7c-a96d-6bb51966ab0a" name="Bill@GRACE 2011-06-10 10:22:34" runUser="Grace\Bill" xmlns="http://microsoft.com/schemas/VisualStudio/TeamTest/2010">
  <TestSettings name="Local" id="794290c2-ae02-4e6d-a100-ecbb7eb43665">
    <Description>These are default test settings for a local test run.</Description>
    <Deployment enabled="false" runDeploymentRoot="Bill_GRACE 2011-06-10 10_22_34" />
    <Execution>
      <TestTypeSpecific />
      <AgentRule name="Execution Agents">
      </AgentRule>
    </Execution>
  </TestSettings>
  <Times creation="2011-06-10T10:22:34.1688315-04:00" queuing="2011-06-10T10:22:34.7528649-04:00" start="2011-06-10T10:22:35.5119083-04:00" finish="2011-06-10T10:22:49.0736840-04:00" />
  <ResultSummary outcome="Completed">
    <Counters total="1" executed="1" passed="1" error="0" failed="0" timeout="0" aborted="0" inconclusive="0" passedButRunAborted="0" notRunnable="0" notExecuted="0" disconnected="0" warning="0" completed="0" inProgress="0" pending="0" />
  </ResultSummary>
  <TestDefinitions>
    <UnitTest name="CreateAndDeleteUser" storage="c:\users\bill\websites\mild.membershipprovider\mild.membershipprovider.tests\bin\debug\mild.membershipprovider.tests.dll" id="987614e1-0021-6492-bdf6-5d7b93dc51a4">
      <Execution timeOut="1800000" id="7a185e09-0d7c-442a-aa13-bdbb11c657d3" />
      <TestMethod codeBase="C:/Users/Bill/Websites/Mild.MembershipProvider/Mild.MembershipProvider.Tests/bin/Debug/Mild.MembershipProvider.Tests.DLL" adapterTypeName="Microsoft.VisualStudio.TestTools.TestTypes.Unit.UnitTestAdapter, Microsoft.VisualStudio.QualityTools.Tips.UnitTest.Adapter, Version=10.0.0.0, Culture=neutral, PublicKeyToken=b03f5f7f11d50a3a" className="Mild.MembershipProvider.Tests.UserTests, Mild.MembershipProvider.Tests, Version=1.0.0.0, Culture=neutral, PublicKeyToken=null" name="CreateAndDeleteUser" />
    </UnitTest>
  </TestDefinitions>
  <TestLists>
    <TestList name="Results Not in a List" id="8c84fa94-04c1-424b-9868-57a2d4851a1d" />
    <TestList name="All Loaded Results" id="19431567-8539-422a-85d7-44ee4e166bda" />
  </TestLists>
  <TestEntries>
    <TestEntry testId="987614e1-0021-6492-bdf6-5d7b93dc51a4" executionId="7a185e09-0d7c-442a-aa13-bdbb11c657d3" testListId="8c84fa94-04c1-424b-9868-57a2d4851a1d" />
  </TestEntries>
  <Results>
    <UnitTestResult executionId="7a185e09-0d7c-442a-aa13-bdbb11c657d3" testId="987614e1-0021-6492-bdf6-5d7b93dc51a4" testName="CreateAndDeleteUser" computerName="GRACE" duration="00:00:13.0876331" startTime="2011-06-10T10:22:35.7879241-04:00" endTime="2011-06-10T10:22:48.9676779-04:00" testType="13cdc9d9-ddb5-4fa4-a97d-d965ccfc6d4b" outcome="Passed" testListId="8c84fa94-04c1-424b-9868-57a2d4851a1d" relativeResultsDirectory="7a185e09-0d7c-442a-aa13-bdbb11c657d3">
    </UnitTestResult>
  </Results>
</TestRun>