<?xml version="1.0" encoding="UTF-8"?>
<TestRun id="832b1b0e-e9cf-459d-8af3-8d4607dac849" name="Bill@GRACE 2011-06-08 21:18:06" runUser="Grace\Bill" xmlns="http://microsoft.com/schemas/VisualStudio/TeamTest/2010">
  <TestSettings name="Local" id="794290c2-ae02-4e6d-a100-ecbb7eb43665">
    <Description>These are default test settings for a local test run.</Description>
    <Deployment enabled="false" runDeploymentRoot="Bill_GRACE 2011-06-08 21_18_06">
      <DeploymentItem filename="C:\Users\Bill\Websites\Mild.MembershipProvider\Mild.MembershipProvider\bin\Debug\Mild.MembershipProvider.dll" />
    </Deployment>
    <Execution>
      <TestTypeSpecific />
      <AgentRule name="Execution Agents">
      </AgentRule>
    </Execution>
  </TestSettings>
  <Times creation="2011-06-08T21:18:06.4214902-04:00" queuing="2011-06-08T21:18:08.5606125-04:00" start="2011-06-08T21:18:09.0296393-04:00" finish="2011-06-08T21:18:17.8641446-04:00" />
  <ResultSummary outcome="Completed">
    <Counters total="1" executed="1" passed="1" error="0" failed="0" timeout="0" aborted="0" inconclusive="0" passedButRunAborted="0" notRunnable="0" notExecuted="0" disconnected="0" warning="0" completed="0" inProgress="0" pending="0" />
  </ResultSummary>
  <TestDefinitions>
    <UnitTest name="CreateAndDeleteUser" storage="c:\users\bill\websites\mild.membershipprovider\mild.membershipprovider.tests\bin\debug\mild.membershipprovider.tests.dll" id="987614e1-0021-6492-bdf6-5d7b93dc51a4">
      <Execution id="13b875d1-a737-4ebb-8383-3bdb0bb0f88c" />
      <TestMethod codeBase="C:/Users/Bill/Websites/Mild.MembershipProvider/Mild.MembershipProvider.Tests/bin/Debug/Mild.MembershipProvider.Tests.DLL" adapterTypeName="Microsoft.VisualStudio.TestTools.TestTypes.Unit.UnitTestAdapter, Microsoft.VisualStudio.QualityTools.Tips.UnitTest.Adapter, Version=10.0.0.0, Culture=neutral, PublicKeyToken=b03f5f7f11d50a3a" className="Mild.MembershipProvider.Tests.UserTests, Mild.MembershipProvider.Tests, Version=1.0.0.0, Culture=neutral, PublicKeyToken=null" name="CreateAndDeleteUser" />
    </UnitTest>
  </TestDefinitions>
  <TestLists>
    <TestList name="Results Not in a List" id="8c84fa94-04c1-424b-9868-57a2d4851a1d" />
    <TestList name="All Loaded Results" id="19431567-8539-422a-85d7-44ee4e166bda" />
  </TestLists>
  <TestEntries>
    <TestEntry testId="987614e1-0021-6492-bdf6-5d7b93dc51a4" executionId="13b875d1-a737-4ebb-8383-3bdb0bb0f88c" testListId="8c84fa94-04c1-424b-9868-57a2d4851a1d" />
  </TestEntries>
  <Results>
    <UnitTestResult executionId="13b875d1-a737-4ebb-8383-3bdb0bb0f88c" testId="987614e1-0021-6492-bdf6-5d7b93dc51a4" testName="CreateAndDeleteUser" computerName="GRACE" duration="00:00:04.8882575" startTime="2011-06-08T21:18:09.4516635-04:00" endTime="2011-06-08T21:18:17.7311370-04:00" testType="13cdc9d9-ddb5-4fa4-a97d-d965ccfc6d4b" outcome="Passed" testListId="8c84fa94-04c1-424b-9868-57a2d4851a1d" relativeResultsDirectory="13b875d1-a737-4ebb-8383-3bdb0bb0f88c">
    </UnitTestResult>
  </Results>
</TestRun>