<?xml version="1.0" encoding="UTF-8"?>
<TestRun id="8ce3e280-1d2d-4ed3-bc79-5b005787b970" name="Bill@GRACE 2011-06-08 20:52:40" runUser="Grace\Bill" xmlns="http://microsoft.com/schemas/VisualStudio/TeamTest/2010">
  <TestSettings name="Local" id="794290c2-ae02-4e6d-a100-ecbb7eb43665">
    <Description>These are default test settings for a local test run.</Description>
    <Deployment enabled="false" runDeploymentRoot="Bill_GRACE 2011-06-08 20_52_40">
      <DeploymentItem filename="C:\Users\Bill\Websites\Mild.MembershipProvider\Mild.MembershipProvider\bin\Debug\Mild.MembershipProvider.dll" />
    </Deployment>
    <Execution>
      <TestTypeSpecific />
      <AgentRule name="Execution Agents">
      </AgentRule>
    </Execution>
  </TestSettings>
  <Times creation="2011-06-08T20:52:40.9922406-04:00" queuing="2011-06-08T20:52:44.7024528-04:00" start="2011-06-08T20:52:45.1444781-04:00" finish="2011-06-08T20:53:21.3595495-04:00" />
  <ResultSummary outcome="Error">
    <Counters total="1" executed="1" error="0" failed="0" timeout="0" aborted="1" inconclusive="0" passedButRunAborted="0" notRunnable="0" notExecuted="0" disconnected="0" warning="0" passed="0" completed="0" inProgress="0" pending="0" />
    <RunInfos>
      <RunInfo computerName="GRACE" outcome="Error" timestamp="2011-06-08T20:53:21.3585494-04:00">
        <Text>Test host process exited unexpectedly.</Text>
      </RunInfo>
    </RunInfos>
  </ResultSummary>
  <TestDefinitions>
    <UnitTest name="CreateAndDeleteUser" storage="c:\users\bill\websites\mild.membershipprovider\mild.membershipprovider.tests\bin\debug\mild.membershipprovider.tests.dll" id="987614e1-0021-6492-bdf6-5d7b93dc51a4">
      <Execution id="ca3cab24-3656-45af-ad65-67cf5ad5a0c5" />
      <TestMethod codeBase="C:/Users/Bill/Websites/Mild.MembershipProvider/Mild.MembershipProvider.Tests/bin/Debug/Mild.MembershipProvider.Tests.DLL" adapterTypeName="Microsoft.VisualStudio.TestTools.TestTypes.Unit.UnitTestAdapter, Microsoft.VisualStudio.QualityTools.Tips.UnitTest.Adapter, Version=10.0.0.0, Culture=neutral, PublicKeyToken=b03f5f7f11d50a3a" className="Mild.MembershipProvider.Tests.UserTests, Mild.MembershipProvider.Tests, Version=1.0.0.0, Culture=neutral, PublicKeyToken=null" name="CreateAndDeleteUser" />
    </UnitTest>
  </TestDefinitions>
  <TestLists>
    <TestList name="Results Not in a List" id="8c84fa94-04c1-424b-9868-57a2d4851a1d" />
    <TestList name="All Loaded Results" id="19431567-8539-422a-85d7-44ee4e166bda" />
  </TestLists>
  <TestEntries>
    <TestEntry testId="987614e1-0021-6492-bdf6-5d7b93dc51a4" executionId="ca3cab24-3656-45af-ad65-67cf5ad5a0c5" testListId="8c84fa94-04c1-424b-9868-57a2d4851a1d" />
  </TestEntries>
  <Results>
    <UnitTestResult executionId="ca3cab24-3656-45af-ad65-67cf5ad5a0c5" testId="987614e1-0021-6492-bdf6-5d7b93dc51a4" testName="CreateAndDeleteUser" computerName="GRACE" duration="00:00:35.9330553" startTime="2011-06-08T20:52:45.4264942-04:00" endTime="2011-06-08T20:53:21.3595495-04:00" testType="13cdc9d9-ddb5-4fa4-a97d-d965ccfc6d4b" outcome="Aborted" testListId="8c84fa94-04c1-424b-9868-57a2d4851a1d" relativeResultsDirectory="ca3cab24-3656-45af-ad65-67cf5ad5a0c5">
    </UnitTestResult>
  </Results>
</TestRun>